  Container.cpp
C:\Users\User\Desktop\C-Program\Program\Container.cpp(34,12): warning C4311: '형식 캐스트': 'T'에서 'int'(으)로 포인터가 잘립니다.
C:\Users\User\Desktop\C-Program\Program\Container.cpp(34,12): warning C4311:         with
C:\Users\User\Desktop\C-Program\Program\Container.cpp(34,12): warning C4311:         [
C:\Users\User\Desktop\C-Program\Program\Container.cpp(34,12): warning C4311:             T=const char *
C:\Users\User\Desktop\C-Program\Program\Container.cpp(34,12): warning C4311:         ]
      C:\Users\User\Desktop\C-Program\Program\Container.cpp(34,12):
      템플릿 인스턴스화 컨텍스트(가장 오래된 인스턴스화 컨텍스트)가
          C:\Users\User\Desktop\C-Program\Program\Container.cpp(51,38):
          컴파일되는 클래스 템플릿 인스턴스화 'Container<const char *>'에 대한 참조를 확인하세요.
          C:\Users\User\Desktop\C-Program\Program\Container.cpp(29,1):
          클래스 템플릿 멤버 함수 'int Container<const char *>::Sum(void)'을(를) 컴파일하는 중입니다.
  
C:\Users\User\Desktop\C-Program\Program\Container.cpp(34,12): warning C4302: '형식 캐스트': 'T'에서 'int'(으)로 잘립니다.
C:\Users\User\Desktop\C-Program\Program\Container.cpp(34,12): warning C4302:         with
C:\Users\User\Desktop\C-Program\Program\Container.cpp(34,12): warning C4302:         [
C:\Users\User\Desktop\C-Program\Program\Container.cpp(34,12): warning C4302:             T=const char *
C:\Users\User\Desktop\C-Program\Program\Container.cpp(34,12): warning C4302:         ]
  Program.cpp
C:\Users\User\Desktop\C-Program\Program\Program.cpp(7,14): error C2676: 이항 '==': 'T'이(가) 이 연산자를 정의하지 않거나 미리 정의된 연산자에 허용되는 형식으로의 변환을 정의하지 않습니다.
C:\Users\User\Desktop\C-Program\Program\Program.cpp(7,14): error C2676:         with
C:\Users\User\Desktop\C-Program\Program\Program.cpp(7,14): error C2676:         [
C:\Users\User\Desktop\C-Program\Program\Program.cpp(7,14): error C2676:             T=Container<int>
C:\Users\User\Desktop\C-Program\Program\Program.cpp(7,14): error C2676:         ]
      C:\Program Files\Microsoft Visual Studio\2022\Community\VC\Tools\MSVC\14.38.33130\include\memory(3555,17):
      'bool std::operator ==(std::nullptr_t,const std::unique_ptr<_Ty,_Dx> &) noexcept'일 수 있습니다.
          C:\Users\User\Desktop\C-Program\Program\Program.cpp(7,9):
          'bool std::operator ==(std::nullptr_t,const std::unique_ptr<_Ty,_Dx> &) noexcept': 'T'에서 'const std::unique_ptr<_Ty,_Dx> &'에 대한 템플릿 인수를 추론할 수 없습니다.
          with
          [
              T=Container<int>
          ]
      C:\Program Files\Microsoft Visual Studio\2022\Community\VC\Tools\MSVC\14.38.33130\include\memory(3549,30):
      또는       'bool std::operator ==(const std::unique_ptr<_Ty,_Dx> &,std::nullptr_t) noexcept'
          C:\Users\User\Desktop\C-Program\Program\Program.cpp(7,9):
          'bool std::operator ==(const std::unique_ptr<_Ty,_Dx> &,std::nullptr_t) noexcept': 'T'에서 'const std::unique_ptr<_Ty,_Dx> &'에 대한 템플릿 인수를 추론할 수 없습니다.
          with
          [
              T=Container<int>
          ]
      C:\Program Files\Microsoft Visual Studio\2022\Community\VC\Tools\MSVC\14.38.33130\include\memory(3501,30):
      또는       'bool std::operator ==(const std::unique_ptr<_Ty,_Dx> &,const std::unique_ptr<_Ty2,_Dx2> &)'
          C:\Users\User\Desktop\C-Program\Program\Program.cpp(7,9):
          'bool std::operator ==(const std::unique_ptr<_Ty,_Dx> &,const std::unique_ptr<_Ty2,_Dx2> &)': 'T'에서 'const std::unique_ptr<_Ty,_Dx> &'에 대한 템플릿 인수를 추론할 수 없습니다.
          with
          [
              T=Container<int>
          ]
      C:\Program Files\Microsoft Visual Studio\2022\Community\VC\Tools\MSVC\14.38.33130\include\memory(1922,17):
      또는       'bool std::operator ==(std::nullptr_t,const std::shared_ptr<_Ty> &) noexcept'
          C:\Users\User\Desktop\C-Program\Program\Program.cpp(7,9):
          'bool std::operator ==(std::nullptr_t,const std::shared_ptr<_Ty> &) noexcept': 'T'에서 'const std::shared_ptr<_Ty> &'에 대한 템플릿 인수를 추론할 수 없습니다.
          with
          [
              T=Container<int>
          ]
      C:\Program Files\Microsoft Visual Studio\2022\Community\VC\Tools\MSVC\14.38.33130\include\memory(1911,17):
      또는       'bool std::operator ==(const std::shared_ptr<_Ty> &,std::nullptr_t) noexcept'
          C:\Users\User\Desktop\C-Program\Program\Program.cpp(7,9):
          'bool std::operator ==(const std::shared_ptr<_Ty> &,std::nullptr_t) noexcept': 'T'에서 'const std::shared_ptr<_Ty> &'에 대한 템플릿 인수를 추론할 수 없습니다.
          with
          [
              T=Container<int>
          ]
      C:\Program Files\Microsoft Visual Studio\2022\Community\VC\Tools\MSVC\14.38.33130\include\memory(1874,17):
      또는       'bool std::operator ==(const std::shared_ptr<_Ty> &,const std::shared_ptr<_Ty0> &) noexcept'
          C:\Users\User\Desktop\C-Program\Program\Program.cpp(7,9):
          'bool std::operator ==(const std::shared_ptr<_Ty> &,const std::shared_ptr<_Ty0> &) noexcept': 'T'에서 'const std::shared_ptr<_Ty> &'에 대한 템플릿 인수를 추론할 수 없습니다.
          with
          [
              T=Container<int>
          ]
      C:\Program Files\Microsoft Visual Studio\2022\Community\VC\Tools\MSVC\14.38.33130\include\xstring(5042,17):
      또는       'bool std::operator ==(const _Elem *const ,const std::basic_string<_Elem,_Traits,_Alloc> &)'
          C:\Users\User\Desktop\C-Program\Program\Program.cpp(7,9):
          'bool std::operator ==(const _Elem *const ,const std::basic_string<_Elem,_Traits,_Alloc> &)': 'T'에서 'const _Elem *const '에 대한 템플릿 인수를 추론할 수 없습니다.
          with
          [
              T=Container<int>
          ]
      C:\Program Files\Microsoft Visual Studio\2022\Community\VC\Tools\MSVC\14.38.33130\include\xstring(5023,30):
      또는       'bool std::operator ==(const std::basic_string<_Elem,_Traits,_Alloc> &,const _Elem *const )'
          C:\Users\User\Desktop\C-Program\Program\Program.cpp(7,9):
          'bool std::operator ==(const std::basic_string<_Elem,_Traits,_Alloc> &,const _Elem *const )': 'T'에서 'const std::basic_string<_Elem,_Traits,_Alloc> &'에 대한 템플릿 인수를 추론할 수 없습니다.
          with
          [
              T=Container<int>
          ]
      C:\Program Files\Microsoft Visual Studio\2022\Community\VC\Tools\MSVC\14.38.33130\include\xstring(5017,30):
      또는       'bool std::operator ==(const std::basic_string<_Elem,_Traits,_Alloc> &,const std::basic_string<_Elem,_Traits,_Alloc> &) noexcept'
          C:\Users\User\Desktop\C-Program\Program\Program.cpp(7,9):
          'bool std::operator ==(const std::basic_string<_Elem,_Traits,_Alloc> &,const std::basic_string<_Elem,_Traits,_Alloc> &) noexcept': 'T'에서 'const std::basic_string<_Elem,_Traits,_Alloc> &'에 대한 템플릿 인수를 추론할 수 없습니다.
          with
          [
              T=Container<int>
          ]
      C:\Program Files\Microsoft Visual Studio\2022\Community\VC\Tools\MSVC\14.38.33130\include\xmemory(1038,30):
      또는       'bool std::operator ==(const std::allocator<_Ty> &,const std::allocator<_Other> &) noexcept'
          C:\Users\User\Desktop\C-Program\Program\Program.cpp(7,9):
          'bool std::operator ==(const std::allocator<_Ty> &,const std::allocator<_Other> &) noexcept': 'T'에서 'const std::allocator<_Ty> &'에 대한 템플릿 인수를 추론할 수 없습니다.
          with
          [
              T=Container<int>
          ]
      C:\Program Files\Microsoft Visual Studio\2022\Community\VC\Tools\MSVC\14.38.33130\include\iterator(488,17):
      또는       'bool std::operator ==(const std::istreambuf_iterator<_Elem,_Traits> &,const std::istreambuf_iterator<_Elem,_Traits> &)'
          C:\Users\User\Desktop\C-Program\Program\Program.cpp(7,9):
          'bool std::operator ==(const std::istreambuf_iterator<_Elem,_Traits> &,const std::istreambuf_iterator<_Elem,_Traits> &)': 'T'에서 'const std::istreambuf_iterator<_Elem,_Traits> &'에 대한 템플릿 인수를 추론할 수 없습니다.
          with
          [
              T=Container<int>
          ]
      C:\Program Files\Microsoft Visual Studio\2022\Community\VC\Tools\MSVC\14.38.33130\include\iterator(306,17):
      또는       'bool std::operator ==(const std::istream_iterator<_Ty,_Elem,_Traits,_Diff> &,const std::istream_iterator<_Ty,_Elem,_Traits,_Diff> &) noexcept'
          C:\Users\User\Desktop\C-Program\Program\Program.cpp(7,9):
          'bool std::operator ==(const std::istream_iterator<_Ty,_Elem,_Traits,_Diff> &,const std::istream_iterator<_Ty,_Elem,_Traits,_Diff> &) noexcept': 'T'에서 'const std::istream_iterator<_Ty,_Elem,_Traits,_Diff> &'에 대한 템플릿 인수를 추론할 수 없습니다.
          with
          [
              T=Container<int>
          ]
      C:\Program Files\Microsoft Visual Studio\2022\Community\VC\Tools\MSVC\14.38.33130\include\xutility(4251,5):
      또는       'bool std::operator ==(const std::move_iterator<_Iter> &,const std::move_iterator<_Iter2> &) noexcept(<expr>)'
          C:\Users\User\Desktop\C-Program\Program\Program.cpp(7,9):
          'bool std::operator ==(const std::move_iterator<_Iter> &,const std::move_iterator<_Iter2> &) noexcept(<expr>)': 'T'에서 'const std::move_iterator<_Iter> &'에 대한 템플릿 인수를 추론할 수 없습니다.
          with
          [
              T=Container<int>
          ]
      C:\Program Files\Microsoft Visual Studio\2022\Community\VC\Tools\MSVC\14.38.33130\include\xutility(1676,5):
      또는       'bool std::operator ==(const std::reverse_iterator<_BidIt> &,const std::reverse_iterator<_BidIt2> &) noexcept(<expr>)'
          C:\Users\User\Desktop\C-Program\Program\Program.cpp(7,9):
          'bool std::operator ==(const std::reverse_iterator<_BidIt> &,const std::reverse_iterator<_BidIt2> &) noexcept(<expr>)': 'T'에서 'const std::reverse_iterator<_BidIt> &'에 대한 템플릿 인수를 추론할 수 없습니다.
          with
          [
              T=Container<int>
          ]
      C:\Program Files\Microsoft Visual Studio\2022\Community\VC\Tools\MSVC\14.38.33130\include\utility(490,27):
      또는       'bool std::operator ==(const std::pair<_Ty1,_Ty2> &,const std::pair<_Uty1,_Uty2> &)'
          C:\Users\User\Desktop\C-Program\Program\Program.cpp(7,9):
          'bool std::operator ==(const std::pair<_Ty1,_Ty2> &,const std::pair<_Uty1,_Uty2> &)': 'T'에서 'const std::pair<_Ty1,_Ty2> &'에 대한 템플릿 인수를 추론할 수 없습니다.
          with
          [
              T=Container<int>
          ]
      C:\Users\User\Desktop\C-Program\Program\Program.cpp(7,14):
      템플릿 인스턴스화 컨텍스트(가장 오래된 인스턴스화 컨텍스트)가
          C:\Users\User\Desktop\C-Program\Program\Program.cpp(50,10):
          컴파일되는 함수 템플릿 인스턴스화 'bool Same<Container<int>>(T,T)'에 대한 참조를 확인하세요.
          with
          [
              T=Container<int>
          ]
  
  코드를 생성하고 있습니다...
